24-Oct-2024 15:46:11.908 SEVERE [http-nio-8080-exec-8] org.apache.catalina.core.StandardWrapperValve.invoke Servlet.service() for servlet [default] in context with path [/baserestcrudJPA] threw exception [Error processing webservice request] with root cause
	java.lang.RuntimeException: There were errors initializing your configuration: <openjpa-3.1.0-rafcec21a1d489dff682a3ce7986fac6a1c80e8e0 fatal user error> org.apache.openjpa.util.UserException: A connection could not be obtained for driver class "com.mysql.jdbc.Driver" and URL "jdbc:mysql://localhost:3306/videoteca".  You may have specified an invalid URL.
	at org.apache.openjpa.jdbc.schema.DataSourceFactory.newConnectException(DataSourceFactory.java:272)
	at org.apache.openjpa.jdbc.schema.DataSourceFactory.installDBDictionary(DataSourceFactory.java:258)
	at org.apache.openjpa.jdbc.conf.JDBCConfigurationImpl.getConnectionFactory(JDBCConfigurationImpl.java:806)
	at java.base/jdk.internal.reflect.NativeMethodAccessorImpl.invoke0(Native Method)
	at java.base/jdk.internal.reflect.NativeMethodAccessorImpl.invoke(NativeMethodAccessorImpl.java:62)
	at java.base/jdk.internal.reflect.DelegatingMethodAccessorImpl.invoke(DelegatingMethodAccessorImpl.java:43)
	at java.base/java.lang.reflect.Method.invoke(Method.java:566)
	at org.apache.openjpa.lib.conf.ConfigurationImpl.instantiateAll(ConfigurationImpl.java:330)
	at org.apache.openjpa.conf.OpenJPAConfigurationImpl.instantiateAll(OpenJPAConfigurationImpl.java:1957)
	at org.apache.openjpa.kernel.AbstractBrokerFactory.makeReadOnly(AbstractBrokerFactory.java:667)
	at org.apache.openjpa.kernel.AbstractBrokerFactory.newBroker(AbstractBrokerFactory.java:207)
	at org.apache.openjpa.kernel.DelegatingBrokerFactory.newBroker(DelegatingBrokerFactory.java:166)
	at org.apache.openjpa.persistence.EntityManagerFactoryImpl.createEntityManager(EntityManagerFactoryImpl.java:262)
	at org.apache.openjpa.persistence.EntityManagerFactoryImpl.createEntityManager(EntityManagerFactoryImpl.java:177)
	at org.apache.openjpa.persistence.EntityManagerFactoryImpl.createEntityManager(EntityManagerFactoryImpl.java:167)
	at org.apache.openjpa.persistence.EntityManagerFactoryImpl.createEntityManager(EntityManagerFactoryImpl.java:64)
	at it.corso.alfasoft.dao.DaoGeneric.getEntityManager(DaoGeneric.java:52)
	at it.corso.alfasoft.dao.DaoGeneric.read(DaoGeneric.java:70)
	at it.corso.alfasoft.resource.VideoResource.geAllVideo(VideoResource.java:31)
	at java.base/jdk.internal.reflect.NativeMethodAccessorImpl.invoke0(Native Method)
	at java.base/jdk.internal.reflect.NativeMethodAccessorImpl.invoke(NativeMethodAccessorImpl.java:62)
	at java.base/jdk.internal.reflect.DelegatingMethodAccessorImpl.invoke(DelegatingMethodAccessorImpl.java:43)
	at java.base/java.lang.reflect.Method.invoke(Method.java:566)
	at org.apache.openejb.server.cxf.rs.PojoInvoker.performInvocation(PojoInvoker.java:43)
	at org.apache.cxf.service.invoker.AbstractInvoker.invoke(AbstractInvoker.java:96)
	at org.apache.cxf.jaxrs.JAXRSInvoker.invoke(JAXRSInvoker.java:201)
	at org.apache.cxf.jaxrs.JAXRSInvoker.invoke(JAXRSInvoker.java:104)
	at org.apache.openejb.server.cxf.rs.AutoJAXRSInvoker.invoke(AutoJAXRSInvoker.java:68)
	at org.apache.cxf.interceptor.ServiceInvokerInterceptor$1.run(ServiceInvokerInterceptor.java:59)
	at org.apache.cxf.interceptor.ServiceInvokerInterceptor.handleMessage(ServiceInvokerInterceptor.java:96)
	at org.apache.cxf.phase.PhaseInterceptorChain.doIntercept(PhaseInterceptorChain.java:308)
	at org.apache.cxf.transport.ChainInitiationObserver.onMessage(ChainInitiationObserver.java:121)
	at org.apache.cxf.transport.http.AbstractHTTPDestination.invoke(AbstractHTTPDestination.java:267)
	at org.apache.openejb.server.cxf.rs.CxfRsHttpListener.doInvoke(CxfRsHttpListener.java:262)
	at org.apache.tomee.webservices.CXFJAXRSFilter.doFilter(CXFJAXRSFilter.java:99)
	at org.apache.catalina.core.ApplicationFilterChain.internalDoFilter(ApplicationFilterChain.java:193)
	at org.apache.catalina.core.ApplicationFilterChain.doFilter(ApplicationFilterChain.java:166)
	at org.apache.tomcat.websocket.server.WsFilter.doFilter(WsFilter.java:53)
	at org.apache.catalina.core.ApplicationFilterChain.internalDoFilter(ApplicationFilterChain.java:193)
	at org.apache.catalina.core.ApplicationFilterChain.doFilter(ApplicationFilterChain.java:166)
	at org.apache.openejb.server.httpd.EEFilter.doFilter(EEFilter.java:65)
	at org.apache.catalina.core.ApplicationFilterChain.internalDoFilter(ApplicationFilterChain.java:193)
	at org.apache.catalina.core.ApplicationFilterChain.doFilter(ApplicationFilterChain.java:166)
	at org.apache.geronimo.microprofile.opentracing.microprofile.server.OpenTracingFilter.doFilter(OpenTracingFilter.java:126)
	at org.apache.catalina.core.ApplicationFilterChain.internalDoFilter(ApplicationFilterChain.java:193)
	at org.apache.catalina.core.ApplicationFilterChain.doFilter(ApplicationFilterChain.java:166)
	at org.apache.catalina.core.StandardWrapperValve.invoke(StandardWrapperValve.java:202)
	at org.apache.catalina.core.StandardContextValve.invoke(StandardContextValve.java:96)
	at org.apache.tomee.catalina.OpenEJBValve.invoke(OpenEJBValve.java:45)
	at org.apache.catalina.authenticator.AuthenticatorBase.invoke(AuthenticatorBase.java:541)
	at org.apache.catalina.core.StandardHostValve.invoke(StandardHostValve.java:139)
	at org.apache.catalina.valves.ErrorReportValve.invoke(ErrorReportValve.java:92)
	at org.apache.tomee.catalina.OpenEJBSecurityListener$RequestCapturer.invoke(OpenEJBSecurityListener.java:97)
	at org.apache.catalina.valves.AbstractAccessLogValve.invoke(AbstractAccessLogValve.java:690)
	at org.apache.catalina.core.StandardEngineValve.invoke(StandardEngineValve.java:74)
	at org.apache.catalina.connector.CoyoteAdapter.service(CoyoteAdapter.java:343)
	at org.apache.coyote.http11.Http11Processor.service(Http11Processor.java:373)
	at org.apache.coyote.AbstractProcessorLight.process(AbstractProcessorLight.java:65)
	at org.apache.coyote.AbstractProtocol$ConnectionHandler.process(AbstractProtocol.java:868)
	at org.apache.tomcat.util.net.NioEndpoint$SocketProcessor.doRun(NioEndpoint.java:1590)
	at org.apache.tomcat.util.net.SocketProcessorBase.run(SocketProcessorBase.java:49)
	at java.base/java.util.concurrent.ThreadPoolExecutor.runWorker(ThreadPoolExecutor.java:1128)
	at java.base/java.util.concurrent.ThreadPoolExecutor$Worker.run(ThreadPoolExecutor.java:628)
	at org.apache.tomcat.util.threads.TaskThread$WrappingRunnable.run(TaskThread.java:61)
	at java.base/java.lang.Thread.run(Thread.java:834)
Caused by: java.sql.SQLException: Cannot create PoolableConnectionFactory (Access denied for user 'root'@'localhost' (using password: YES))
	at org.apache.commons.dbcp2.BasicDataSource.createPoolableConnectionFactory(BasicDataSource.java:2291)
	at org.apache.commons.dbcp2.BasicDataSource.createDataSource(BasicDataSource.java:2038)
	at org.apache.commons.dbcp2.BasicDataSource.getConnection(BasicDataSource.java:1533)
	at org.apache.openjpa.jdbc.schema.DBCPDriverDataSource.getDBCPConnection(DBCPDriverDataSource.java:76)
	at org.apache.openjpa.jdbc.schema.AutoDriverDataSource.getConnection(AutoDriverDataSource.java:42)
	at org.apache.openjpa.jdbc.schema.SimpleDriverDataSource.getConnection(SimpleDriverDataSource.java:78)
	at org.apache.openjpa.lib.jdbc.DelegatingDataSource.getConnection(DelegatingDataSource.java:127)
	at org.apache.openjpa.lib.jdbc.DecoratingDataSource.getConnection(DecoratingDataSource.java:94)
	at org.apache.openjpa.jdbc.schema.DataSourceFactory.installDBDictionary(DataSourceFactory.java:250)
	... 63 more
Caused by: java.sql.SQLException: Access denied for user 'root'@'localhost' (using password: YES)
	at com.mysql.cj.jdbc.exceptions.SQLError.createSQLException(SQLError.java:129)
	at com.mysql.cj.jdbc.exceptions.SQLExceptionsMapping.translateException(SQLExceptionsMapping.java:122)
	at com.mysql.cj.jdbc.ConnectionImpl.createNewIO(ConnectionImpl.java:828)
	at com.mysql.cj.jdbc.ConnectionImpl.<init>(ConnectionImpl.java:448)
	at com.mysql.cj.jdbc.ConnectionImpl.getInstance(ConnectionImpl.java:241)
	at com.mysql.cj.jdbc.NonRegisteringDriver.connect(NonRegisteringDriver.java:198)
	at org.apache.commons.dbcp2.DriverConnectionFactory.createConnection(DriverConnectionFactory.java:39)
	at org.apache.commons.dbcp2.PoolableConnectionFactory.makeObject(PoolableConnectionFactory.java:256)
	at org.apache.commons.dbcp2.BasicDataSource.validateConnectionFactory(BasicDataSource.java:2301)
	at org.apache.commons.dbcp2.BasicDataSource.createPoolableConnectionFactory(BasicDataSource.java:2287)
	... 71 more

		at org.apache.openjpa.lib.conf.ConfigurationImpl.instantiateAll(ConfigurationImpl.java:345)
		at org.apache.openjpa.conf.OpenJPAConfigurationImpl.instantiateAll(OpenJPAConfigurationImpl.java:1957)
		at org.apache.openjpa.kernel.AbstractBrokerFactory.makeReadOnly(AbstractBrokerFactory.java:667)
		at org.apache.openjpa.kernel.AbstractBrokerFactory.newBroker(AbstractBrokerFactory.java:207)
		at org.apache.openjpa.kernel.DelegatingBrokerFactory.newBroker(DelegatingBrokerFactory.java:166)
		at org.apache.openjpa.persistence.EntityManagerFactoryImpl.createEntityManager(EntityManagerFactoryImpl.java:262)
		at org.apache.openjpa.persistence.EntityManagerFactoryImpl.createEntityManager(EntityManagerFactoryImpl.java:177)
		at org.apache.openjpa.persistence.EntityManagerFactoryImpl.createEntityManager(EntityManagerFactoryImpl.java:167)
		at org.apache.openjpa.persistence.EntityManagerFactoryImpl.createEntityManager(EntityManagerFactoryImpl.java:64)
		at it.corso.alfasoft.dao.DaoGeneric.getEntityManager(DaoGeneric.java:52)
		at it.corso.alfasoft.dao.DaoGeneric.read(DaoGeneric.java:70)
		at it.corso.alfasoft.resource.VideoResource.geAllVideo(VideoResource.java:31)
		at java.base/jdk.internal.reflect.NativeMethodAccessorImpl.invoke0(Native Method)
		at java.base/jdk.internal.reflect.NativeMethodAccessorImpl.invoke(NativeMethodAccessorImpl.java:62)
		at java.base/jdk.internal.reflect.DelegatingMethodAccessorImpl.invoke(DelegatingMethodAccessorImpl.java:43)
		at java.base/java.lang.reflect.Method.invoke(Method.java:566)
		at org.apache.openejb.server.cxf.rs.PojoInvoker.performInvocation(PojoInvoker.java:43)
		at org.apache.cxf.service.invoker.AbstractInvoker.invoke(AbstractInvoker.java:96)
		at org.apache.cxf.jaxrs.JAXRSInvoker.invoke(JAXRSInvoker.java:201)
		at org.apache.cxf.jaxrs.JAXRSInvoker.invoke(JAXRSInvoker.java:104)
		at org.apache.openejb.server.cxf.rs.AutoJAXRSInvoker.invoke(AutoJAXRSInvoker.java:68)
		at org.apache.cxf.interceptor.ServiceInvokerInterceptor$1.run(ServiceInvokerInterceptor.java:59)
		at org.apache.cxf.interceptor.ServiceInvokerInterceptor.handleMessage(ServiceInvokerInterceptor.java:96)
		at org.apache.cxf.phase.PhaseInterceptorChain.doIntercept(PhaseInterceptorChain.java:308)
		at org.apache.cxf.transport.ChainInitiationObserver.onMessage(ChainInitiationObserver.java:121)
		at org.apache.cxf.transport.http.AbstractHTTPDestination.invoke(AbstractHTTPDestination.java:267)
		at org.apache.openejb.server.cxf.rs.CxfRsHttpListener.doInvoke(CxfRsHttpListener.java:262)
		at org.apache.tomee.webservices.CXFJAXRSFilter.doFilter(CXFJAXRSFilter.java:99)
		at org.apache.catalina.core.ApplicationFilterChain.internalDoFilter(ApplicationFilterChain.java:193)
		at org.apache.catalina.core.ApplicationFilterChain.doFilter(ApplicationFilterChain.java:166)
		at org.apache.tomcat.websocket.server.WsFilter.doFilter(WsFilter.java:53)
		at org.apache.catalina.core.ApplicationFilterChain.internalDoFilter(ApplicationFilterChain.java:193)
		at org.apache.catalina.core.ApplicationFilterChain.doFilter(ApplicationFilterChain.java:166)
		at org.apache.openejb.server.httpd.EEFilter.doFilter(EEFilter.java:65)
		at org.apache.catalina.core.ApplicationFilterChain.internalDoFilter(ApplicationFilterChain.java:193)
		at org.apache.catalina.core.ApplicationFilterChain.doFilter(ApplicationFilterChain.java:166)
		at org.apache.geronimo.microprofile.opentracing.microprofile.server.OpenTracingFilter.doFilter(OpenTracingFilter.java:126)
		at org.apache.catalina.core.ApplicationFilterChain.internalDoFilter(ApplicationFilterChain.java:193)
		at org.apache.catalina.core.ApplicationFilterChain.doFilter(ApplicationFilterChain.java:166)
		at org.apache.catalina.core.StandardWrapperValve.invoke(StandardWrapperValve.java:202)
		at org.apache.catalina.core.StandardContextValve.invoke(StandardContextValve.java:96)
		at org.apache.tomee.catalina.OpenEJBValve.invoke(OpenEJBValve.java:45)
		at org.apache.catalina.authenticator.AuthenticatorBase.invoke(AuthenticatorBase.java:541)
		at org.apache.catalina.core.StandardHostValve.invoke(StandardHostValve.java:139)
		at org.apache.catalina.valves.ErrorReportValve.invoke(ErrorReportValve.java:92)
		at org.apache.tomee.catalina.OpenEJBSecurityListener$RequestCapturer.invoke(OpenEJBSecurityListener.java:97)
		at org.apache.catalina.valves.AbstractAccessLogValve.invoke(AbstractAccessLogValve.java:690)
		at org.apache.catalina.core.StandardEngineValve.invoke(StandardEngineValve.java:74)
		at org.apache.catalina.connector.CoyoteAdapter.service(CoyoteAdapter.java:343)
		at org.apache.coyote.http11.Http11Processor.service(Http11Processor.java:373)
		at org.apache.coyote.AbstractProcessorLight.process(AbstractProcessorLight.java:65)
		at org.apache.coyote.AbstractProtocol$ConnectionHandler.process(AbstractProtocol.java:868)
		at org.apache.tomcat.util.net.NioEndpoint$SocketProcessor.doRun(NioEndpoint.java:1590)
		at org.apache.tomcat.util.net.SocketProcessorBase.run(SocketProcessorBase.java:49)
		at java.base/java.util.concurrent.ThreadPoolExecutor.runWorker(ThreadPoolExecutor.java:1128)
		at java.base/java.util.concurrent.ThreadPoolExecutor$Worker.run(ThreadPoolExecutor.java:628)
		at org.apache.tomcat.util.threads.TaskThread$WrappingRunnable.run(TaskThread.java:61)
		at java.base/java.lang.Thread.run(Thread.java:834)
24-Oct-2024 15:46:42.194 SEVERE [http-nio-8080-exec-9] org.apache.catalina.core.StandardWrapperValve.invoke Servlet.service() for servlet [default] in context with path [/baserestcrudJPA] threw exception [Error processing webservice request] with root cause
	java.lang.RuntimeException: There were errors initializing your configuration: <openjpa-3.1.0-rafcec21a1d489dff682a3ce7986fac6a1c80e8e0 fatal user error> org.apache.openjpa.util.UserException: A connection could not be obtained for driver class "com.mysql.jdbc.Driver" and URL "jdbc:mysql://localhost:3306/videoteca".  You may have specified an invalid URL.
	at org.apache.openjpa.jdbc.schema.DataSourceFactory.newConnectException(DataSourceFactory.java:272)
	at org.apache.openjpa.jdbc.schema.DataSourceFactory.installDBDictionary(DataSourceFactory.java:258)
	at org.apache.openjpa.jdbc.conf.JDBCConfigurationImpl.getConnectionFactory(JDBCConfigurationImpl.java:806)
	at java.base/jdk.internal.reflect.NativeMethodAccessorImpl.invoke0(Native Method)
	at java.base/jdk.internal.reflect.NativeMethodAccessorImpl.invoke(NativeMethodAccessorImpl.java:62)
	at java.base/jdk.internal.reflect.DelegatingMethodAccessorImpl.invoke(DelegatingMethodAccessorImpl.java:43)
	at java.base/java.lang.reflect.Method.invoke(Method.java:566)
	at org.apache.openjpa.lib.conf.ConfigurationImpl.instantiateAll(ConfigurationImpl.java:330)
	at org.apache.openjpa.conf.OpenJPAConfigurationImpl.instantiateAll(OpenJPAConfigurationImpl.java:1957)
	at org.apache.openjpa.kernel.AbstractBrokerFactory.makeReadOnly(AbstractBrokerFactory.java:667)
	at org.apache.openjpa.kernel.AbstractBrokerFactory.newBroker(AbstractBrokerFactory.java:207)
	at org.apache.openjpa.kernel.DelegatingBrokerFactory.newBroker(DelegatingBrokerFactory.java:166)
	at org.apache.openjpa.persistence.EntityManagerFactoryImpl.createEntityManager(EntityManagerFactoryImpl.java:262)
	at org.apache.openjpa.persistence.EntityManagerFactoryImpl.createEntityManager(EntityManagerFactoryImpl.java:177)
	at org.apache.openjpa.persistence.EntityManagerFactoryImpl.createEntityManager(EntityManagerFactoryImpl.java:167)
	at org.apache.openjpa.persistence.EntityManagerFactoryImpl.createEntityManager(EntityManagerFactoryImpl.java:64)
	at it.corso.alfasoft.dao.DaoGeneric.getEntityManager(DaoGeneric.java:52)
	at it.corso.alfasoft.dao.DaoGeneric.read(DaoGeneric.java:70)
	at it.corso.alfasoft.resource.VideoResource.geAllVideo(VideoResource.java:31)
	at java.base/jdk.internal.reflect.NativeMethodAccessorImpl.invoke0(Native Method)
	at java.base/jdk.internal.reflect.NativeMethodAccessorImpl.invoke(NativeMethodAccessorImpl.java:62)
	at java.base/jdk.internal.reflect.DelegatingMethodAccessorImpl.invoke(DelegatingMethodAccessorImpl.java:43)
	at java.base/java.lang.reflect.Method.invoke(Method.java:566)
	at org.apache.openejb.server.cxf.rs.PojoInvoker.performInvocation(PojoInvoker.java:43)
	at org.apache.cxf.service.invoker.AbstractInvoker.invoke(AbstractInvoker.java:96)
	at org.apache.cxf.jaxrs.JAXRSInvoker.invoke(JAXRSInvoker.java:201)
	at org.apache.cxf.jaxrs.JAXRSInvoker.invoke(JAXRSInvoker.java:104)
	at org.apache.openejb.server.cxf.rs.AutoJAXRSInvoker.invoke(AutoJAXRSInvoker.java:68)
	at org.apache.cxf.interceptor.ServiceInvokerInterceptor$1.run(ServiceInvokerInterceptor.java:59)
	at org.apache.cxf.interceptor.ServiceInvokerInterceptor.handleMessage(ServiceInvokerInterceptor.java:96)
	at org.apache.cxf.phase.PhaseInterceptorChain.doIntercept(PhaseInterceptorChain.java:308)
	at org.apache.cxf.transport.ChainInitiationObserver.onMessage(ChainInitiationObserver.java:121)
	at org.apache.cxf.transport.http.AbstractHTTPDestination.invoke(AbstractHTTPDestination.java:267)
	at org.apache.openejb.server.cxf.rs.CxfRsHttpListener.doInvoke(CxfRsHttpListener.java:262)
	at org.apache.tomee.webservices.CXFJAXRSFilter.doFilter(CXFJAXRSFilter.java:99)
	at org.apache.catalina.core.ApplicationFilterChain.internalDoFilter(ApplicationFilterChain.java:193)
	at org.apache.catalina.core.ApplicationFilterChain.doFilter(ApplicationFilterChain.java:166)
	at org.apache.tomcat.websocket.server.WsFilter.doFilter(WsFilter.java:53)
	at org.apache.catalina.core.ApplicationFilterChain.internalDoFilter(ApplicationFilterChain.java:193)
	at org.apache.catalina.core.ApplicationFilterChain.doFilter(ApplicationFilterChain.java:166)
	at org.apache.openejb.server.httpd.EEFilter.doFilter(EEFilter.java:65)
	at org.apache.catalina.core.ApplicationFilterChain.internalDoFilter(ApplicationFilterChain.java:193)
	at org.apache.catalina.core.ApplicationFilterChain.doFilter(ApplicationFilterChain.java:166)
	at org.apache.geronimo.microprofile.opentracing.microprofile.server.OpenTracingFilter.doFilter(OpenTracingFilter.java:126)
	at org.apache.catalina.core.ApplicationFilterChain.internalDoFilter(ApplicationFilterChain.java:193)
	at org.apache.catalina.core.ApplicationFilterChain.doFilter(ApplicationFilterChain.java:166)
	at org.apache.catalina.core.StandardWrapperValve.invoke(StandardWrapperValve.java:202)
	at org.apache.catalina.core.StandardContextValve.invoke(StandardContextValve.java:96)
	at org.apache.tomee.catalina.OpenEJBValve.invoke(OpenEJBValve.java:45)
	at org.apache.catalina.authenticator.AuthenticatorBase.invoke(AuthenticatorBase.java:541)
	at org.apache.catalina.core.StandardHostValve.invoke(StandardHostValve.java:139)
	at org.apache.catalina.valves.ErrorReportValve.invoke(ErrorReportValve.java:92)
	at org.apache.tomee.catalina.OpenEJBSecurityListener$RequestCapturer.invoke(OpenEJBSecurityListener.java:97)
	at org.apache.catalina.valves.AbstractAccessLogValve.invoke(AbstractAccessLogValve.java:690)
	at org.apache.catalina.core.StandardEngineValve.invoke(StandardEngineValve.java:74)
	at org.apache.catalina.connector.CoyoteAdapter.service(CoyoteAdapter.java:343)
	at org.apache.coyote.http11.Http11Processor.service(Http11Processor.java:373)
	at org.apache.coyote.AbstractProcessorLight.process(AbstractProcessorLight.java:65)
	at org.apache.coyote.AbstractProtocol$ConnectionHandler.process(AbstractProtocol.java:868)
	at org.apache.tomcat.util.net.NioEndpoint$SocketProcessor.doRun(NioEndpoint.java:1590)
	at org.apache.tomcat.util.net.SocketProcessorBase.run(SocketProcessorBase.java:49)
	at java.base/java.util.concurrent.ThreadPoolExecutor.runWorker(ThreadPoolExecutor.java:1128)
	at java.base/java.util.concurrent.ThreadPoolExecutor$Worker.run(ThreadPoolExecutor.java:628)
	at org.apache.tomcat.util.threads.TaskThread$WrappingRunnable.run(TaskThread.java:61)
	at java.base/java.lang.Thread.run(Thread.java:834)
Caused by: java.sql.SQLException: Cannot create PoolableConnectionFactory (Access denied for user 'root'@'localhost' (using password: YES))
	at org.apache.commons.dbcp2.BasicDataSource.createPoolableConnectionFactory(BasicDataSource.java:2291)
	at org.apache.commons.dbcp2.BasicDataSource.createDataSource(BasicDataSource.java:2038)
	at org.apache.commons.dbcp2.BasicDataSource.getConnection(BasicDataSource.java:1533)
	at org.apache.openjpa.jdbc.schema.DBCPDriverDataSource.getDBCPConnection(DBCPDriverDataSource.java:76)
	at org.apache.openjpa.jdbc.schema.AutoDriverDataSource.getConnection(AutoDriverDataSource.java:42)
	at org.apache.openjpa.jdbc.schema.SimpleDriverDataSource.getConnection(SimpleDriverDataSource.java:78)
	at org.apache.openjpa.lib.jdbc.DelegatingDataSource.getConnection(DelegatingDataSource.java:127)
	at org.apache.openjpa.lib.jdbc.DecoratingDataSource.getConnection(DecoratingDataSource.java:94)
	at org.apache.openjpa.jdbc.schema.DataSourceFactory.installDBDictionary(DataSourceFactory.java:250)
	... 63 more
Caused by: java.sql.SQLException: Access denied for user 'root'@'localhost' (using password: YES)
	at com.mysql.cj.jdbc.exceptions.SQLError.createSQLException(SQLError.java:129)
	at com.mysql.cj.jdbc.exceptions.SQLExceptionsMapping.translateException(SQLExceptionsMapping.java:122)
	at com.mysql.cj.jdbc.ConnectionImpl.createNewIO(ConnectionImpl.java:828)
	at com.mysql.cj.jdbc.ConnectionImpl.<init>(ConnectionImpl.java:448)
	at com.mysql.cj.jdbc.ConnectionImpl.getInstance(ConnectionImpl.java:241)
	at com.mysql.cj.jdbc.NonRegisteringDriver.connect(NonRegisteringDriver.java:198)
	at org.apache.commons.dbcp2.DriverConnectionFactory.createConnection(DriverConnectionFactory.java:39)
	at org.apache.commons.dbcp2.PoolableConnectionFactory.makeObject(PoolableConnectionFactory.java:256)
	at org.apache.commons.dbcp2.BasicDataSource.validateConnectionFactory(BasicDataSource.java:2301)
	at org.apache.commons.dbcp2.BasicDataSource.createPoolableConnectionFactory(BasicDataSource.java:2287)
	... 71 more

		at org.apache.openjpa.lib.conf.ConfigurationImpl.instantiateAll(ConfigurationImpl.java:345)
		at org.apache.openjpa.conf.OpenJPAConfigurationImpl.instantiateAll(OpenJPAConfigurationImpl.java:1957)
		at org.apache.openjpa.kernel.AbstractBrokerFactory.makeReadOnly(AbstractBrokerFactory.java:667)
		at org.apache.openjpa.kernel.AbstractBrokerFactory.newBroker(AbstractBrokerFactory.java:207)
		at org.apache.openjpa.kernel.DelegatingBrokerFactory.newBroker(DelegatingBrokerFactory.java:166)
		at org.apache.openjpa.persistence.EntityManagerFactoryImpl.createEntityManager(EntityManagerFactoryImpl.java:262)
		at org.apache.openjpa.persistence.EntityManagerFactoryImpl.createEntityManager(EntityManagerFactoryImpl.java:177)
		at org.apache.openjpa.persistence.EntityManagerFactoryImpl.createEntityManager(EntityManagerFactoryImpl.java:167)
		at org.apache.openjpa.persistence.EntityManagerFactoryImpl.createEntityManager(EntityManagerFactoryImpl.java:64)
		at it.corso.alfasoft.dao.DaoGeneric.getEntityManager(DaoGeneric.java:52)
		at it.corso.alfasoft.dao.DaoGeneric.read(DaoGeneric.java:70)
		at it.corso.alfasoft.resource.VideoResource.geAllVideo(VideoResource.java:31)
		at java.base/jdk.internal.reflect.NativeMethodAccessorImpl.invoke0(Native Method)
		at java.base/jdk.internal.reflect.NativeMethodAccessorImpl.invoke(NativeMethodAccessorImpl.java:62)
		at java.base/jdk.internal.reflect.DelegatingMethodAccessorImpl.invoke(DelegatingMethodAccessorImpl.java:43)
		at java.base/java.lang.reflect.Method.invoke(Method.java:566)
		at org.apache.openejb.server.cxf.rs.PojoInvoker.performInvocation(PojoInvoker.java:43)
		at org.apache.cxf.service.invoker.AbstractInvoker.invoke(AbstractInvoker.java:96)
		at org.apache.cxf.jaxrs.JAXRSInvoker.invoke(JAXRSInvoker.java:201)
		at org.apache.cxf.jaxrs.JAXRSInvoker.invoke(JAXRSInvoker.java:104)
		at org.apache.openejb.server.cxf.rs.AutoJAXRSInvoker.invoke(AutoJAXRSInvoker.java:68)
		at org.apache.cxf.interceptor.ServiceInvokerInterceptor$1.run(ServiceInvokerInterceptor.java:59)
		at org.apache.cxf.interceptor.ServiceInvokerInterceptor.handleMessage(ServiceInvokerInterceptor.java:96)
		at org.apache.cxf.phase.PhaseInterceptorChain.doIntercept(PhaseInterceptorChain.java:308)
		at org.apache.cxf.transport.ChainInitiationObserver.onMessage(ChainInitiationObserver.java:121)
		at org.apache.cxf.transport.http.AbstractHTTPDestination.invoke(AbstractHTTPDestination.java:267)
		at org.apache.openejb.server.cxf.rs.CxfRsHttpListener.doInvoke(CxfRsHttpListener.java:262)
		at org.apache.tomee.webservices.CXFJAXRSFilter.doFilter(CXFJAXRSFilter.java:99)
		at org.apache.catalina.core.ApplicationFilterChain.internalDoFilter(ApplicationFilterChain.java:193)
		at org.apache.catalina.core.ApplicationFilterChain.doFilter(ApplicationFilterChain.java:166)
		at org.apache.tomcat.websocket.server.WsFilter.doFilter(WsFilter.java:53)
		at org.apache.catalina.core.ApplicationFilterChain.internalDoFilter(ApplicationFilterChain.java:193)
		at org.apache.catalina.core.ApplicationFilterChain.doFilter(ApplicationFilterChain.java:166)
		at org.apache.openejb.server.httpd.EEFilter.doFilter(EEFilter.java:65)
		at org.apache.catalina.core.ApplicationFilterChain.internalDoFilter(ApplicationFilterChain.java:193)
		at org.apache.catalina.core.ApplicationFilterChain.doFilter(ApplicationFilterChain.java:166)
		at org.apache.geronimo.microprofile.opentracing.microprofile.server.OpenTracingFilter.doFilter(OpenTracingFilter.java:126)
		at org.apache.catalina.core.ApplicationFilterChain.internalDoFilter(ApplicationFilterChain.java:193)
		at org.apache.catalina.core.ApplicationFilterChain.doFilter(ApplicationFilterChain.java:166)
		at org.apache.catalina.core.StandardWrapperValve.invoke(StandardWrapperValve.java:202)
		at org.apache.catalina.core.StandardContextValve.invoke(StandardContextValve.java:96)
		at org.apache.tomee.catalina.OpenEJBValve.invoke(OpenEJBValve.java:45)
		at org.apache.catalina.authenticator.AuthenticatorBase.invoke(AuthenticatorBase.java:541)
		at org.apache.catalina.core.StandardHostValve.invoke(StandardHostValve.java:139)
		at org.apache.catalina.valves.ErrorReportValve.invoke(ErrorReportValve.java:92)
		at org.apache.tomee.catalina.OpenEJBSecurityListener$RequestCapturer.invoke(OpenEJBSecurityListener.java:97)
		at org.apache.catalina.valves.AbstractAccessLogValve.invoke(AbstractAccessLogValve.java:690)
		at org.apache.catalina.core.StandardEngineValve.invoke(StandardEngineValve.java:74)
		at org.apache.catalina.connector.CoyoteAdapter.service(CoyoteAdapter.java:343)
		at org.apache.coyote.http11.Http11Processor.service(Http11Processor.java:373)
		at org.apache.coyote.AbstractProcessorLight.process(AbstractProcessorLight.java:65)
		at org.apache.coyote.AbstractProtocol$ConnectionHandler.process(AbstractProtocol.java:868)
		at org.apache.tomcat.util.net.NioEndpoint$SocketProcessor.doRun(NioEndpoint.java:1590)
		at org.apache.tomcat.util.net.SocketProcessorBase.run(SocketProcessorBase.java:49)
		at java.base/java.util.concurrent.ThreadPoolExecutor.runWorker(ThreadPoolExecutor.java:1128)
		at java.base/java.util.concurrent.ThreadPoolExecutor$Worker.run(ThreadPoolExecutor.java:628)
		at org.apache.tomcat.util.threads.TaskThread$WrappingRunnable.run(TaskThread.java:61)
		at java.base/java.lang.Thread.run(Thread.java:834)
24-Oct-2024 15:47:07.901 SEVERE [http-nio-8080-exec-3] org.apache.catalina.core.StandardWrapperValve.invoke Servlet.service() for servlet [default] in context with path [/baserestcrudJPA] threw exception [Error processing webservice request] with root cause
	java.lang.RuntimeException: There were errors initializing your configuration: <openjpa-3.1.0-rafcec21a1d489dff682a3ce7986fac6a1c80e8e0 fatal user error> org.apache.openjpa.util.UserException: A connection could not be obtained for driver class "com.mysql.jdbc.Driver" and URL "jdbc:mysql://localhost:3306/videoteca".  You may have specified an invalid URL.
	at org.apache.openjpa.jdbc.schema.DataSourceFactory.newConnectException(DataSourceFactory.java:272)
	at org.apache.openjpa.jdbc.schema.DataSourceFactory.installDBDictionary(DataSourceFactory.java:258)
	at org.apache.openjpa.jdbc.conf.JDBCConfigurationImpl.getConnectionFactory(JDBCConfigurationImpl.java:806)
	at java.base/jdk.internal.reflect.NativeMethodAccessorImpl.invoke0(Native Method)
	at java.base/jdk.internal.reflect.NativeMethodAccessorImpl.invoke(NativeMethodAccessorImpl.java:62)
	at java.base/jdk.internal.reflect.DelegatingMethodAccessorImpl.invoke(DelegatingMethodAccessorImpl.java:43)
	at java.base/java.lang.reflect.Method.invoke(Method.java:566)
	at org.apache.openjpa.lib.conf.ConfigurationImpl.instantiateAll(ConfigurationImpl.java:330)
	at org.apache.openjpa.conf.OpenJPAConfigurationImpl.instantiateAll(OpenJPAConfigurationImpl.java:1957)
	at org.apache.openjpa.kernel.AbstractBrokerFactory.makeReadOnly(AbstractBrokerFactory.java:667)
	at org.apache.openjpa.kernel.AbstractBrokerFactory.newBroker(AbstractBrokerFactory.java:207)
	at org.apache.openjpa.kernel.DelegatingBrokerFactory.newBroker(DelegatingBrokerFactory.java:166)
	at org.apache.openjpa.persistence.EntityManagerFactoryImpl.createEntityManager(EntityManagerFactoryImpl.java:262)
	at org.apache.openjpa.persistence.EntityManagerFactoryImpl.createEntityManager(EntityManagerFactoryImpl.java:177)
	at org.apache.openjpa.persistence.EntityManagerFactoryImpl.createEntityManager(EntityManagerFactoryImpl.java:167)
	at org.apache.openjpa.persistence.EntityManagerFactoryImpl.createEntityManager(EntityManagerFactoryImpl.java:64)
	at it.corso.alfasoft.dao.DaoGeneric.getEntityManager(DaoGeneric.java:52)
	at it.corso.alfasoft.dao.DaoGeneric.create(DaoGeneric.java:61)
	at it.corso.alfasoft.resource.VideoResource.createVideo(VideoResource.java:52)
	at java.base/jdk.internal.reflect.NativeMethodAccessorImpl.invoke0(Native Method)
	at java.base/jdk.internal.reflect.NativeMethodAccessorImpl.invoke(NativeMethodAccessorImpl.java:62)
	at java.base/jdk.internal.reflect.DelegatingMethodAccessorImpl.invoke(DelegatingMethodAccessorImpl.java:43)
	at java.base/java.lang.reflect.Method.invoke(Method.java:566)
	at org.apache.openejb.server.cxf.rs.PojoInvoker.performInvocation(PojoInvoker.java:43)
	at org.apache.cxf.service.invoker.AbstractInvoker.invoke(AbstractInvoker.java:96)
	at org.apache.cxf.jaxrs.JAXRSInvoker.invoke(JAXRSInvoker.java:201)
	at org.apache.cxf.jaxrs.JAXRSInvoker.invoke(JAXRSInvoker.java:104)
	at org.apache.openejb.server.cxf.rs.AutoJAXRSInvoker.invoke(AutoJAXRSInvoker.java:68)
	at org.apache.cxf.interceptor.ServiceInvokerInterceptor$1.run(ServiceInvokerInterceptor.java:59)
	at org.apache.cxf.interceptor.ServiceInvokerInterceptor.handleMessage(ServiceInvokerInterceptor.java:96)
	at org.apache.cxf.phase.PhaseInterceptorChain.doIntercept(PhaseInterceptorChain.java:308)
	at org.apache.cxf.transport.ChainInitiationObserver.onMessage(ChainInitiationObserver.java:121)
	at org.apache.cxf.transport.http.AbstractHTTPDestination.invoke(AbstractHTTPDestination.java:267)
	at org.apache.openejb.server.cxf.rs.CxfRsHttpListener.doInvoke(CxfRsHttpListener.java:262)
	at org.apache.tomee.webservices.CXFJAXRSFilter.doFilter(CXFJAXRSFilter.java:99)
	at org.apache.catalina.core.ApplicationFilterChain.internalDoFilter(ApplicationFilterChain.java:193)
	at org.apache.catalina.core.ApplicationFilterChain.doFilter(ApplicationFilterChain.java:166)
	at org.apache.tomcat.websocket.server.WsFilter.doFilter(WsFilter.java:53)
	at org.apache.catalina.core.ApplicationFilterChain.internalDoFilter(ApplicationFilterChain.java:193)
	at org.apache.catalina.core.ApplicationFilterChain.doFilter(ApplicationFilterChain.java:166)
	at org.apache.openejb.server.httpd.EEFilter.doFilter(EEFilter.java:65)
	at org.apache.catalina.core.ApplicationFilterChain.internalDoFilter(ApplicationFilterChain.java:193)
	at org.apache.catalina.core.ApplicationFilterChain.doFilter(ApplicationFilterChain.java:166)
	at org.apache.geronimo.microprofile.opentracing.microprofile.server.OpenTracingFilter.doFilter(OpenTracingFilter.java:126)
	at org.apache.catalina.core.ApplicationFilterChain.internalDoFilter(ApplicationFilterChain.java:193)
	at org.apache.catalina.core.ApplicationFilterChain.doFilter(ApplicationFilterChain.java:166)
	at org.apache.catalina.core.StandardWrapperValve.invoke(StandardWrapperValve.java:202)
	at org.apache.catalina.core.StandardContextValve.invoke(StandardContextValve.java:96)
	at org.apache.tomee.catalina.OpenEJBValve.invoke(OpenEJBValve.java:45)
	at org.apache.catalina.authenticator.AuthenticatorBase.invoke(AuthenticatorBase.java:541)
	at org.apache.catalina.core.StandardHostValve.invoke(StandardHostValve.java:139)
	at org.apache.catalina.valves.ErrorReportValve.invoke(ErrorReportValve.java:92)
	at org.apache.tomee.catalina.OpenEJBSecurityListener$RequestCapturer.invoke(OpenEJBSecurityListener.java:97)
	at org.apache.catalina.valves.AbstractAccessLogValve.invoke(AbstractAccessLogValve.java:690)
	at org.apache.catalina.core.StandardEngineValve.invoke(StandardEngineValve.java:74)
	at org.apache.catalina.connector.CoyoteAdapter.service(CoyoteAdapter.java:343)
	at org.apache.coyote.http11.Http11Processor.service(Http11Processor.java:373)
	at org.apache.coyote.AbstractProcessorLight.process(AbstractProcessorLight.java:65)
	at org.apache.coyote.AbstractProtocol$ConnectionHandler.process(AbstractProtocol.java:868)
	at org.apache.tomcat.util.net.NioEndpoint$SocketProcessor.doRun(NioEndpoint.java:1590)
	at org.apache.tomcat.util.net.SocketProcessorBase.run(SocketProcessorBase.java:49)
	at java.base/java.util.concurrent.ThreadPoolExecutor.runWorker(ThreadPoolExecutor.java:1128)
	at java.base/java.util.concurrent.ThreadPoolExecutor$Worker.run(ThreadPoolExecutor.java:628)
	at org.apache.tomcat.util.threads.TaskThread$WrappingRunnable.run(TaskThread.java:61)
	at java.base/java.lang.Thread.run(Thread.java:834)
Caused by: java.sql.SQLException: Cannot create PoolableConnectionFactory (Access denied for user 'root'@'localhost' (using password: YES))
	at org.apache.commons.dbcp2.BasicDataSource.createPoolableConnectionFactory(BasicDataSource.java:2291)
	at org.apache.commons.dbcp2.BasicDataSource.createDataSource(BasicDataSource.java:2038)
	at org.apache.commons.dbcp2.BasicDataSource.getConnection(BasicDataSource.java:1533)
	at org.apache.openjpa.jdbc.schema.DBCPDriverDataSource.getDBCPConnection(DBCPDriverDataSource.java:76)
	at org.apache.openjpa.jdbc.schema.AutoDriverDataSource.getConnection(AutoDriverDataSource.java:42)
	at org.apache.openjpa.jdbc.schema.SimpleDriverDataSource.getConnection(SimpleDriverDataSource.java:78)
	at org.apache.openjpa.lib.jdbc.DelegatingDataSource.getConnection(DelegatingDataSource.java:127)
	at org.apache.openjpa.lib.jdbc.DecoratingDataSource.getConnection(DecoratingDataSource.java:94)
	at org.apache.openjpa.jdbc.schema.DataSourceFactory.installDBDictionary(DataSourceFactory.java:250)
	... 63 more
Caused by: java.sql.SQLException: Access denied for user 'root'@'localhost' (using password: YES)
	at com.mysql.cj.jdbc.exceptions.SQLError.createSQLException(SQLError.java:129)
	at com.mysql.cj.jdbc.exceptions.SQLExceptionsMapping.translateException(SQLExceptionsMapping.java:122)
	at com.mysql.cj.jdbc.ConnectionImpl.createNewIO(ConnectionImpl.java:828)
	at com.mysql.cj.jdbc.ConnectionImpl.<init>(ConnectionImpl.java:448)
	at com.mysql.cj.jdbc.ConnectionImpl.getInstance(ConnectionImpl.java:241)
	at com.mysql.cj.jdbc.NonRegisteringDriver.connect(NonRegisteringDriver.java:198)
	at org.apache.commons.dbcp2.DriverConnectionFactory.createConnection(DriverConnectionFactory.java:39)
	at org.apache.commons.dbcp2.PoolableConnectionFactory.makeObject(PoolableConnectionFactory.java:256)
	at org.apache.commons.dbcp2.BasicDataSource.validateConnectionFactory(BasicDataSource.java:2301)
	at org.apache.commons.dbcp2.BasicDataSource.createPoolableConnectionFactory(BasicDataSource.java:2287)
	... 71 more

		at org.apache.openjpa.lib.conf.ConfigurationImpl.instantiateAll(ConfigurationImpl.java:345)
		at org.apache.openjpa.conf.OpenJPAConfigurationImpl.instantiateAll(OpenJPAConfigurationImpl.java:1957)
		at org.apache.openjpa.kernel.AbstractBrokerFactory.makeReadOnly(AbstractBrokerFactory.java:667)
		at org.apache.openjpa.kernel.AbstractBrokerFactory.newBroker(AbstractBrokerFactory.java:207)
		at org.apache.openjpa.kernel.DelegatingBrokerFactory.newBroker(DelegatingBrokerFactory.java:166)
		at org.apache.openjpa.persistence.EntityManagerFactoryImpl.createEntityManager(EntityManagerFactoryImpl.java:262)
		at org.apache.openjpa.persistence.EntityManagerFactoryImpl.createEntityManager(EntityManagerFactoryImpl.java:177)
		at org.apache.openjpa.persistence.EntityManagerFactoryImpl.createEntityManager(EntityManagerFactoryImpl.java:167)
		at org.apache.openjpa.persistence.EntityManagerFactoryImpl.createEntityManager(EntityManagerFactoryImpl.java:64)
		at it.corso.alfasoft.dao.DaoGeneric.getEntityManager(DaoGeneric.java:52)
		at it.corso.alfasoft.dao.DaoGeneric.create(DaoGeneric.java:61)
		at it.corso.alfasoft.resource.VideoResource.createVideo(VideoResource.java:52)
		at java.base/jdk.internal.reflect.NativeMethodAccessorImpl.invoke0(Native Method)
		at java.base/jdk.internal.reflect.NativeMethodAccessorImpl.invoke(NativeMethodAccessorImpl.java:62)
		at java.base/jdk.internal.reflect.DelegatingMethodAccessorImpl.invoke(DelegatingMethodAccessorImpl.java:43)
		at java.base/java.lang.reflect.Method.invoke(Method.java:566)
		at org.apache.openejb.server.cxf.rs.PojoInvoker.performInvocation(PojoInvoker.java:43)
		at org.apache.cxf.service.invoker.AbstractInvoker.invoke(AbstractInvoker.java:96)
		at org.apache.cxf.jaxrs.JAXRSInvoker.invoke(JAXRSInvoker.java:201)
		at org.apache.cxf.jaxrs.JAXRSInvoker.invoke(JAXRSInvoker.java:104)
		at org.apache.openejb.server.cxf.rs.AutoJAXRSInvoker.invoke(AutoJAXRSInvoker.java:68)
		at org.apache.cxf.interceptor.ServiceInvokerInterceptor$1.run(ServiceInvokerInterceptor.java:59)
		at org.apache.cxf.interceptor.ServiceInvokerInterceptor.handleMessage(ServiceInvokerInterceptor.java:96)
		at org.apache.cxf.phase.PhaseInterceptorChain.doIntercept(PhaseInterceptorChain.java:308)
		at org.apache.cxf.transport.ChainInitiationObserver.onMessage(ChainInitiationObserver.java:121)
		at org.apache.cxf.transport.http.AbstractHTTPDestination.invoke(AbstractHTTPDestination.java:267)
		at org.apache.openejb.server.cxf.rs.CxfRsHttpListener.doInvoke(CxfRsHttpListener.java:262)
		at org.apache.tomee.webservices.CXFJAXRSFilter.doFilter(CXFJAXRSFilter.java:99)
		at org.apache.catalina.core.ApplicationFilterChain.internalDoFilter(ApplicationFilterChain.java:193)
		at org.apache.catalina.core.ApplicationFilterChain.doFilter(ApplicationFilterChain.java:166)
		at org.apache.tomcat.websocket.server.WsFilter.doFilter(WsFilter.java:53)
		at org.apache.catalina.core.ApplicationFilterChain.internalDoFilter(ApplicationFilterChain.java:193)
		at org.apache.catalina.core.ApplicationFilterChain.doFilter(ApplicationFilterChain.java:166)
		at org.apache.openejb.server.httpd.EEFilter.doFilter(EEFilter.java:65)
		at org.apache.catalina.core.ApplicationFilterChain.internalDoFilter(ApplicationFilterChain.java:193)
		at org.apache.catalina.core.ApplicationFilterChain.doFilter(ApplicationFilterChain.java:166)
		at org.apache.geronimo.microprofile.opentracing.microprofile.server.OpenTracingFilter.doFilter(OpenTracingFilter.java:126)
		at org.apache.catalina.core.ApplicationFilterChain.internalDoFilter(ApplicationFilterChain.java:193)
		at org.apache.catalina.core.ApplicationFilterChain.doFilter(ApplicationFilterChain.java:166)
		at org.apache.catalina.core.StandardWrapperValve.invoke(StandardWrapperValve.java:202)
		at org.apache.catalina.core.StandardContextValve.invoke(StandardContextValve.java:96)
		at org.apache.tomee.catalina.OpenEJBValve.invoke(OpenEJBValve.java:45)
		at org.apache.catalina.authenticator.AuthenticatorBase.invoke(AuthenticatorBase.java:541)
		at org.apache.catalina.core.StandardHostValve.invoke(StandardHostValve.java:139)
		at org.apache.catalina.valves.ErrorReportValve.invoke(ErrorReportValve.java:92)
		at org.apache.tomee.catalina.OpenEJBSecurityListener$RequestCapturer.invoke(OpenEJBSecurityListener.java:97)
		at org.apache.catalina.valves.AbstractAccessLogValve.invoke(AbstractAccessLogValve.java:690)
		at org.apache.catalina.core.StandardEngineValve.invoke(StandardEngineValve.java:74)
		at org.apache.catalina.connector.CoyoteAdapter.service(CoyoteAdapter.java:343)
		at org.apache.coyote.http11.Http11Processor.service(Http11Processor.java:373)
		at org.apache.coyote.AbstractProcessorLight.process(AbstractProcessorLight.java:65)
		at org.apache.coyote.AbstractProtocol$ConnectionHandler.process(AbstractProtocol.java:868)
		at org.apache.tomcat.util.net.NioEndpoint$SocketProcessor.doRun(NioEndpoint.java:1590)
		at org.apache.tomcat.util.net.SocketProcessorBase.run(SocketProcessorBase.java:49)
		at java.base/java.util.concurrent.ThreadPoolExecutor.runWorker(ThreadPoolExecutor.java:1128)
		at java.base/java.util.concurrent.ThreadPoolExecutor$Worker.run(ThreadPoolExecutor.java:628)
		at org.apache.tomcat.util.threads.TaskThread$WrappingRunnable.run(TaskThread.java:61)
		at java.base/java.lang.Thread.run(Thread.java:834)
24-Oct-2024 15:47:09.935 SEVERE [http-nio-8080-exec-4] org.apache.catalina.core.StandardWrapperValve.invoke Servlet.service() for servlet [default] in context with path [/baserestcrudJPA] threw exception [Error processing webservice request] with root cause
	java.lang.RuntimeException: There were errors initializing your configuration: <openjpa-3.1.0-rafcec21a1d489dff682a3ce7986fac6a1c80e8e0 fatal user error> org.apache.openjpa.util.UserException: A connection could not be obtained for driver class "com.mysql.jdbc.Driver" and URL "jdbc:mysql://localhost:3306/videoteca".  You may have specified an invalid URL.
	at org.apache.openjpa.jdbc.schema.DataSourceFactory.newConnectException(DataSourceFactory.java:272)
	at org.apache.openjpa.jdbc.schema.DataSourceFactory.installDBDictionary(DataSourceFactory.java:258)
	at org.apache.openjpa.jdbc.conf.JDBCConfigurationImpl.getConnectionFactory(JDBCConfigurationImpl.java:806)
	at java.base/jdk.internal.reflect.NativeMethodAccessorImpl.invoke0(Native Method)
	at java.base/jdk.internal.reflect.NativeMethodAccessorImpl.invoke(NativeMethodAccessorImpl.java:62)
	at java.base/jdk.internal.reflect.DelegatingMethodAccessorImpl.invoke(DelegatingMethodAccessorImpl.java:43)
	at java.base/java.lang.reflect.Method.invoke(Method.java:566)
	at org.apache.openjpa.lib.conf.ConfigurationImpl.instantiateAll(ConfigurationImpl.java:330)
	at org.apache.openjpa.conf.OpenJPAConfigurationImpl.instantiateAll(OpenJPAConfigurationImpl.java:1957)
	at org.apache.openjpa.kernel.AbstractBrokerFactory.makeReadOnly(AbstractBrokerFactory.java:667)
	at org.apache.openjpa.kernel.AbstractBrokerFactory.newBroker(AbstractBrokerFactory.java:207)
	at org.apache.openjpa.kernel.DelegatingBrokerFactory.newBroker(DelegatingBrokerFactory.java:166)
	at org.apache.openjpa.persistence.EntityManagerFactoryImpl.createEntityManager(EntityManagerFactoryImpl.java:262)
	at org.apache.openjpa.persistence.EntityManagerFactoryImpl.createEntityManager(EntityManagerFactoryImpl.java:177)
	at org.apache.openjpa.persistence.EntityManagerFactoryImpl.createEntityManager(EntityManagerFactoryImpl.java:167)
	at org.apache.openjpa.persistence.EntityManagerFactoryImpl.createEntityManager(EntityManagerFactoryImpl.java:64)
	at it.corso.alfasoft.dao.DaoGeneric.getEntityManager(DaoGeneric.java:52)
	at it.corso.alfasoft.dao.DaoGeneric.read(DaoGeneric.java:70)
	at it.corso.alfasoft.resource.VideoResource.geAllVideo(VideoResource.java:31)
	at java.base/jdk.internal.reflect.NativeMethodAccessorImpl.invoke0(Native Method)
	at java.base/jdk.internal.reflect.NativeMethodAccessorImpl.invoke(NativeMethodAccessorImpl.java:62)
	at java.base/jdk.internal.reflect.DelegatingMethodAccessorImpl.invoke(DelegatingMethodAccessorImpl.java:43)
	at java.base/java.lang.reflect.Method.invoke(Method.java:566)
	at org.apache.openejb.server.cxf.rs.PojoInvoker.performInvocation(PojoInvoker.java:43)
	at org.apache.cxf.service.invoker.AbstractInvoker.invoke(AbstractInvoker.java:96)
	at org.apache.cxf.jaxrs.JAXRSInvoker.invoke(JAXRSInvoker.java:201)
	at org.apache.cxf.jaxrs.JAXRSInvoker.invoke(JAXRSInvoker.java:104)
	at org.apache.openejb.server.cxf.rs.AutoJAXRSInvoker.invoke(AutoJAXRSInvoker.java:68)
	at org.apache.cxf.interceptor.ServiceInvokerInterceptor$1.run(ServiceInvokerInterceptor.java:59)
	at org.apache.cxf.interceptor.ServiceInvokerInterceptor.handleMessage(ServiceInvokerInterceptor.java:96)
	at org.apache.cxf.phase.PhaseInterceptorChain.doIntercept(PhaseInterceptorChain.java:308)
	at org.apache.cxf.transport.ChainInitiationObserver.onMessage(ChainInitiationObserver.java:121)
	at org.apache.cxf.transport.http.AbstractHTTPDestination.invoke(AbstractHTTPDestination.java:267)
	at org.apache.openejb.server.cxf.rs.CxfRsHttpListener.doInvoke(CxfRsHttpListener.java:262)
	at org.apache.tomee.webservices.CXFJAXRSFilter.doFilter(CXFJAXRSFilter.java:99)
	at org.apache.catalina.core.ApplicationFilterChain.internalDoFilter(ApplicationFilterChain.java:193)
	at org.apache.catalina.core.ApplicationFilterChain.doFilter(ApplicationFilterChain.java:166)
	at org.apache.tomcat.websocket.server.WsFilter.doFilter(WsFilter.java:53)
	at org.apache.catalina.core.ApplicationFilterChain.internalDoFilter(ApplicationFilterChain.java:193)
	at org.apache.catalina.core.ApplicationFilterChain.doFilter(ApplicationFilterChain.java:166)
	at org.apache.openejb.server.httpd.EEFilter.doFilter(EEFilter.java:65)
	at org.apache.catalina.core.ApplicationFilterChain.internalDoFilter(ApplicationFilterChain.java:193)
	at org.apache.catalina.core.ApplicationFilterChain.doFilter(ApplicationFilterChain.java:166)
	at org.apache.geronimo.microprofile.opentracing.microprofile.server.OpenTracingFilter.doFilter(OpenTracingFilter.java:126)
	at org.apache.catalina.core.ApplicationFilterChain.internalDoFilter(ApplicationFilterChain.java:193)
	at org.apache.catalina.core.ApplicationFilterChain.doFilter(ApplicationFilterChain.java:166)
	at org.apache.catalina.core.StandardWrapperValve.invoke(StandardWrapperValve.java:202)
	at org.apache.catalina.core.StandardContextValve.invoke(StandardContextValve.java:96)
	at org.apache.tomee.catalina.OpenEJBValve.invoke(OpenEJBValve.java:45)
	at org.apache.catalina.authenticator.AuthenticatorBase.invoke(AuthenticatorBase.java:541)
	at org.apache.catalina.core.StandardHostValve.invoke(StandardHostValve.java:139)
	at org.apache.catalina.valves.ErrorReportValve.invoke(ErrorReportValve.java:92)
	at org.apache.tomee.catalina.OpenEJBSecurityListener$RequestCapturer.invoke(OpenEJBSecurityListener.java:97)
	at org.apache.catalina.valves.AbstractAccessLogValve.invoke(AbstractAccessLogValve.java:690)
	at org.apache.catalina.core.StandardEngineValve.invoke(StandardEngineValve.java:74)
	at org.apache.catalina.connector.CoyoteAdapter.service(CoyoteAdapter.java:343)
	at org.apache.coyote.http11.Http11Processor.service(Http11Processor.java:373)
	at org.apache.coyote.AbstractProcessorLight.process(AbstractProcessorLight.java:65)
	at org.apache.coyote.AbstractProtocol$ConnectionHandler.process(AbstractProtocol.java:868)
	at org.apache.tomcat.util.net.NioEndpoint$SocketProcessor.doRun(NioEndpoint.java:1590)
	at org.apache.tomcat.util.net.SocketProcessorBase.run(SocketProcessorBase.java:49)
	at java.base/java.util.concurrent.ThreadPoolExecutor.runWorker(ThreadPoolExecutor.java:1128)
	at java.base/java.util.concurrent.ThreadPoolExecutor$Worker.run(ThreadPoolExecutor.java:628)
	at org.apache.tomcat.util.threads.TaskThread$WrappingRunnable.run(TaskThread.java:61)
	at java.base/java.lang.Thread.run(Thread.java:834)
Caused by: java.sql.SQLException: Cannot create PoolableConnectionFactory (Access denied for user 'root'@'localhost' (using password: YES))
	at org.apache.commons.dbcp2.BasicDataSource.createPoolableConnectionFactory(BasicDataSource.java:2291)
	at org.apache.commons.dbcp2.BasicDataSource.createDataSource(BasicDataSource.java:2038)
	at org.apache.commons.dbcp2.BasicDataSource.getConnection(BasicDataSource.java:1533)
	at org.apache.openjpa.jdbc.schema.DBCPDriverDataSource.getDBCPConnection(DBCPDriverDataSource.java:76)
	at org.apache.openjpa.jdbc.schema.AutoDriverDataSource.getConnection(AutoDriverDataSource.java:42)
	at org.apache.openjpa.jdbc.schema.SimpleDriverDataSource.getConnection(SimpleDriverDataSource.java:78)
	at org.apache.openjpa.lib.jdbc.DelegatingDataSource.getConnection(DelegatingDataSource.java:127)
	at org.apache.openjpa.lib.jdbc.DecoratingDataSource.getConnection(DecoratingDataSource.java:94)
	at org.apache.openjpa.jdbc.schema.DataSourceFactory.installDBDictionary(DataSourceFactory.java:250)
	... 63 more
Caused by: java.sql.SQLException: Access denied for user 'root'@'localhost' (using password: YES)
	at com.mysql.cj.jdbc.exceptions.SQLError.createSQLException(SQLError.java:129)
	at com.mysql.cj.jdbc.exceptions.SQLExceptionsMapping.translateException(SQLExceptionsMapping.java:122)
	at com.mysql.cj.jdbc.ConnectionImpl.createNewIO(ConnectionImpl.java:828)
	at com.mysql.cj.jdbc.ConnectionImpl.<init>(ConnectionImpl.java:448)
	at com.mysql.cj.jdbc.ConnectionImpl.getInstance(ConnectionImpl.java:241)
	at com.mysql.cj.jdbc.NonRegisteringDriver.connect(NonRegisteringDriver.java:198)
	at org.apache.commons.dbcp2.DriverConnectionFactory.createConnection(DriverConnectionFactory.java:39)
	at org.apache.commons.dbcp2.PoolableConnectionFactory.makeObject(PoolableConnectionFactory.java:256)
	at org.apache.commons.dbcp2.BasicDataSource.validateConnectionFactory(BasicDataSource.java:2301)
	at org.apache.commons.dbcp2.BasicDataSource.createPoolableConnectionFactory(BasicDataSource.java:2287)
	... 71 more

		at org.apache.openjpa.lib.conf.ConfigurationImpl.instantiateAll(ConfigurationImpl.java:345)
		at org.apache.openjpa.conf.OpenJPAConfigurationImpl.instantiateAll(OpenJPAConfigurationImpl.java:1957)
		at org.apache.openjpa.kernel.AbstractBrokerFactory.makeReadOnly(AbstractBrokerFactory.java:667)
		at org.apache.openjpa.kernel.AbstractBrokerFactory.newBroker(AbstractBrokerFactory.java:207)
		at org.apache.openjpa.kernel.DelegatingBrokerFactory.newBroker(DelegatingBrokerFactory.java:166)
		at org.apache.openjpa.persistence.EntityManagerFactoryImpl.createEntityManager(EntityManagerFactoryImpl.java:262)
		at org.apache.openjpa.persistence.EntityManagerFactoryImpl.createEntityManager(EntityManagerFactoryImpl.java:177)
		at org.apache.openjpa.persistence.EntityManagerFactoryImpl.createEntityManager(EntityManagerFactoryImpl.java:167)
		at org.apache.openjpa.persistence.EntityManagerFactoryImpl.createEntityManager(EntityManagerFactoryImpl.java:64)
		at it.corso.alfasoft.dao.DaoGeneric.getEntityManager(DaoGeneric.java:52)
		at it.corso.alfasoft.dao.DaoGeneric.read(DaoGeneric.java:70)
		at it.corso.alfasoft.resource.VideoResource.geAllVideo(VideoResource.java:31)
		at java.base/jdk.internal.reflect.NativeMethodAccessorImpl.invoke0(Native Method)
		at java.base/jdk.internal.reflect.NativeMethodAccessorImpl.invoke(NativeMethodAccessorImpl.java:62)
		at java.base/jdk.internal.reflect.DelegatingMethodAccessorImpl.invoke(DelegatingMethodAccessorImpl.java:43)
		at java.base/java.lang.reflect.Method.invoke(Method.java:566)
		at org.apache.openejb.server.cxf.rs.PojoInvoker.performInvocation(PojoInvoker.java:43)
		at org.apache.cxf.service.invoker.AbstractInvoker.invoke(AbstractInvoker.java:96)
		at org.apache.cxf.jaxrs.JAXRSInvoker.invoke(JAXRSInvoker.java:201)
		at org.apache.cxf.jaxrs.JAXRSInvoker.invoke(JAXRSInvoker.java:104)
		at org.apache.openejb.server.cxf.rs.AutoJAXRSInvoker.invoke(AutoJAXRSInvoker.java:68)
		at org.apache.cxf.interceptor.ServiceInvokerInterceptor$1.run(ServiceInvokerInterceptor.java:59)
		at org.apache.cxf.interceptor.ServiceInvokerInterceptor.handleMessage(ServiceInvokerInterceptor.java:96)
		at org.apache.cxf.phase.PhaseInterceptorChain.doIntercept(PhaseInterceptorChain.java:308)
		at org.apache.cxf.transport.ChainInitiationObserver.onMessage(ChainInitiationObserver.java:121)
		at org.apache.cxf.transport.http.AbstractHTTPDestination.invoke(AbstractHTTPDestination.java:267)
		at org.apache.openejb.server.cxf.rs.CxfRsHttpListener.doInvoke(CxfRsHttpListener.java:262)
		at org.apache.tomee.webservices.CXFJAXRSFilter.doFilter(CXFJAXRSFilter.java:99)
		at org.apache.catalina.core.ApplicationFilterChain.internalDoFilter(ApplicationFilterChain.java:193)
		at org.apache.catalina.core.ApplicationFilterChain.doFilter(ApplicationFilterChain.java:166)
		at org.apache.tomcat.websocket.server.WsFilter.doFilter(WsFilter.java:53)
		at org.apache.catalina.core.ApplicationFilterChain.internalDoFilter(ApplicationFilterChain.java:193)
		at org.apache.catalina.core.ApplicationFilterChain.doFilter(ApplicationFilterChain.java:166)
		at org.apache.openejb.server.httpd.EEFilter.doFilter(EEFilter.java:65)
		at org.apache.catalina.core.ApplicationFilterChain.internalDoFilter(ApplicationFilterChain.java:193)
		at org.apache.catalina.core.ApplicationFilterChain.doFilter(ApplicationFilterChain.java:166)
		at org.apache.geronimo.microprofile.opentracing.microprofile.server.OpenTracingFilter.doFilter(OpenTracingFilter.java:126)
		at org.apache.catalina.core.ApplicationFilterChain.internalDoFilter(ApplicationFilterChain.java:193)
		at org.apache.catalina.core.ApplicationFilterChain.doFilter(ApplicationFilterChain.java:166)
		at org.apache.catalina.core.StandardWrapperValve.invoke(StandardWrapperValve.java:202)
		at org.apache.catalina.core.StandardContextValve.invoke(StandardContextValve.java:96)
		at org.apache.tomee.catalina.OpenEJBValve.invoke(OpenEJBValve.java:45)
		at org.apache.catalina.authenticator.AuthenticatorBase.invoke(AuthenticatorBase.java:541)
		at org.apache.catalina.core.StandardHostValve.invoke(StandardHostValve.java:139)
		at org.apache.catalina.valves.ErrorReportValve.invoke(ErrorReportValve.java:92)
		at org.apache.tomee.catalina.OpenEJBSecurityListener$RequestCapturer.invoke(OpenEJBSecurityListener.java:97)
		at org.apache.catalina.valves.AbstractAccessLogValve.invoke(AbstractAccessLogValve.java:690)
		at org.apache.catalina.core.StandardEngineValve.invoke(StandardEngineValve.java:74)
		at org.apache.catalina.connector.CoyoteAdapter.service(CoyoteAdapter.java:343)
		at org.apache.coyote.http11.Http11Processor.service(Http11Processor.java:373)
		at org.apache.coyote.AbstractProcessorLight.process(AbstractProcessorLight.java:65)
		at org.apache.coyote.AbstractProtocol$ConnectionHandler.process(AbstractProtocol.java:868)
		at org.apache.tomcat.util.net.NioEndpoint$SocketProcessor.doRun(NioEndpoint.java:1590)
		at org.apache.tomcat.util.net.SocketProcessorBase.run(SocketProcessorBase.java:49)
		at java.base/java.util.concurrent.ThreadPoolExecutor.runWorker(ThreadPoolExecutor.java:1128)
		at java.base/java.util.concurrent.ThreadPoolExecutor$Worker.run(ThreadPoolExecutor.java:628)
		at org.apache.tomcat.util.threads.TaskThread$WrappingRunnable.run(TaskThread.java:61)
		at java.base/java.lang.Thread.run(Thread.java:834)
